{"C:\\Users\\guigu\\Trybe\\Back-End\\sd-01-block30-jwt-IO\\api\\routes.js": {"path":"C:\\Users\\guigu\\Trybe\\Back-End\\sd-01-block30-jwt-IO\\api\\routes.js","statementMap":{"0":{"start":{"line":1,"column":0},"end":{"line":4,"column":2}}},"fnMap":{},"branchMap":{},"s":{"0":1},"f":{},"b":{},"_coverageSchema":"1a1c01bbd47fc00a2c39e90264f33305004495a9","hash":"7cff96c8ed030bc5295dcddef20569b5e7a158bb"}
,"C:\\Users\\guigu\\Trybe\\Back-End\\sd-01-block30-jwt-IO\\api\\server.js": {"path":"C:\\Users\\guigu\\Trybe\\Back-End\\sd-01-block30-jwt-IO\\api\\server.js","statementMap":{"0":{"start":{"line":1,"column":16},"end":{"line":1,"column":34}},"1":{"start":{"line":2,"column":13},"end":{"line":2,"column":28}},"2":{"start":{"line":3,"column":15},"end":{"line":3,"column":34}},"3":{"start":{"line":5,"column":12},"end":{"line":5,"column":21}},"4":{"start":{"line":7,"column":0},"end":{"line":7,"column":16}},"5":{"start":{"line":8,"column":0},"end":{"line":8,"column":24}},"6":{"start":{"line":10,"column":18},"end":{"line":10,"column":34}},"7":{"start":{"line":11,"column":0},"end":{"line":11,"column":45}},"8":{"start":{"line":12,"column":0},"end":{"line":12,"column":38}},"9":{"start":{"line":14,"column":0},"end":{"line":14,"column":19}},"10":{"start":{"line":15,"column":0},"end":{"line":15,"column":83}},"11":{"start":{"line":15,"column":35},"end":{"line":15,"column":81}},"12":{"start":{"line":17,"column":0},"end":{"line":17,"column":21}}},"fnMap":{"0":{"name":"(anonymous_0)","decl":{"start":{"line":15,"column":8},"end":{"line":15,"column":9}},"loc":{"start":{"line":15,"column":35},"end":{"line":15,"column":81}},"line":15}},"branchMap":{},"s":{"0":1,"1":1,"2":1,"3":1,"4":1,"5":1,"6":1,"7":1,"8":1,"9":1,"10":1,"11":0,"12":1},"f":{"0":0},"b":{},"_coverageSchema":"1a1c01bbd47fc00a2c39e90264f33305004495a9","hash":"92699347bd93f266fd37322adae32f1373c45a7c"}
,"C:\\Users\\guigu\\Trybe\\Back-End\\sd-01-block30-jwt-IO\\controllers\\createUser.js": {"path":"C:\\Users\\guigu\\Trybe\\Back-End\\sd-01-block30-jwt-IO\\controllers\\createUser.js","statementMap":{"0":{"start":{"line":1,"column":13},"end":{"line":1,"column":38}},"1":{"start":{"line":3,"column":0},"end":{"line":18,"column":2}},"2":{"start":{"line":4,"column":39},"end":{"line":4,"column":47}},"3":{"start":{"line":5,"column":19},"end":{"line":9,"column":3}},"4":{"start":{"line":11,"column":2},"end":{"line":12,"column":63}},"5":{"start":{"line":12,"column":4},"end":{"line":12,"column":63}},"6":{"start":{"line":14,"column":2},"end":{"line":15,"column":64}},"7":{"start":{"line":15,"column":4},"end":{"line":15,"column":64}},"8":{"start":{"line":17,"column":2},"end":{"line":17,"column":102}},"9":{"start":{"line":17,"column":33},"end":{"line":17,"column":100}}},"fnMap":{"0":{"name":"(anonymous_0)","decl":{"start":{"line":3,"column":17},"end":{"line":3,"column":18}},"loc":{"start":{"line":3,"column":37},"end":{"line":18,"column":1}},"line":3},"1":{"name":"(anonymous_1)","decl":{"start":{"line":17,"column":27},"end":{"line":17,"column":28}},"loc":{"start":{"line":17,"column":33},"end":{"line":17,"column":100}},"line":17}},"branchMap":{"0":{"loc":{"start":{"line":11,"column":2},"end":{"line":12,"column":63}},"type":"if","locations":[{"start":{"line":11,"column":2},"end":{"line":12,"column":63}},{"start":{"line":11,"column":2},"end":{"line":12,"column":63}}],"line":11},"1":{"loc":{"start":{"line":11,"column":6},"end":{"line":11,"column":37}},"type":"binary-expr","locations":[{"start":{"line":11,"column":6},"end":{"line":11,"column":15}},{"start":{"line":11,"column":19},"end":{"line":11,"column":28}},{"start":{"line":11,"column":32},"end":{"line":11,"column":37}}],"line":11},"2":{"loc":{"start":{"line":14,"column":2},"end":{"line":15,"column":64}},"type":"if","locations":[{"start":{"line":14,"column":2},"end":{"line":15,"column":64}},{"start":{"line":14,"column":2},"end":{"line":15,"column":64}}],"line":14}},"s":{"0":1,"1":1,"2":7,"3":7,"4":7,"5":1,"6":6,"7":5,"8":1,"9":1},"f":{"0":7,"1":1},"b":{"0":[1,6],"1":[7,6,6],"2":[5,1]},"_coverageSchema":"1a1c01bbd47fc00a2c39e90264f33305004495a9","hash":"08659fe3ea35e58da80a3f64e31a8ae7afb28111"}
,"C:\\Users\\guigu\\Trybe\\Back-End\\sd-01-block30-jwt-IO\\controllers\\login.js": {"path":"C:\\Users\\guigu\\Trybe\\Back-End\\sd-01-block30-jwt-IO\\controllers\\login.js","statementMap":{"0":{"start":{"line":1,"column":13},"end":{"line":1,"column":38}},"1":{"start":{"line":3,"column":0},"end":{"line":14,"column":2}},"2":{"start":{"line":4,"column":19},"end":{"line":4,"column":36}},"3":{"start":{"line":5,"column":19},"end":{"line":5,"column":36}},"4":{"start":{"line":7,"column":2},"end":{"line":7,"column":51}},"5":{"start":{"line":7,"column":30},"end":{"line":7,"column":51}},"6":{"start":{"line":9,"column":15},"end":{"line":9,"column":47}},"7":{"start":{"line":11,"column":2},"end":{"line":11,"column":41}},"8":{"start":{"line":11,"column":13},"end":{"line":11,"column":41}},"9":{"start":{"line":13,"column":2},"end":{"line":13,"column":29}}},"fnMap":{"0":{"name":"(anonymous_0)","decl":{"start":{"line":3,"column":17},"end":{"line":3,"column":18}},"loc":{"start":{"line":3,"column":37},"end":{"line":14,"column":1}},"line":3}},"branchMap":{"0":{"loc":{"start":{"line":7,"column":2},"end":{"line":7,"column":51}},"type":"if","locations":[{"start":{"line":7,"column":2},"end":{"line":7,"column":51}},{"start":{"line":7,"column":2},"end":{"line":7,"column":51}}],"line":7},"1":{"loc":{"start":{"line":7,"column":6},"end":{"line":7,"column":28}},"type":"binary-expr","locations":[{"start":{"line":7,"column":6},"end":{"line":7,"column":15}},{"start":{"line":7,"column":19},"end":{"line":7,"column":28}}],"line":7},"2":{"loc":{"start":{"line":11,"column":2},"end":{"line":11,"column":41}},"type":"if","locations":[{"start":{"line":11,"column":2},"end":{"line":11,"column":41}},{"start":{"line":11,"column":2},"end":{"line":11,"column":41}}],"line":11}},"s":{"0":1,"1":1,"2":0,"3":0,"4":0,"5":0,"6":0,"7":0,"8":0,"9":0},"f":{"0":0},"b":{"0":[0,0],"1":[0,0],"2":[0,0]},"_coverageSchema":"1a1c01bbd47fc00a2c39e90264f33305004495a9","hash":"fb7aed2a0546e83ee1881f87f9a03f14d4fa3d83"}
,"C:\\Users\\guigu\\Trybe\\Back-End\\sd-01-block30-jwt-IO\\models\\user.js": {"path":"C:\\Users\\guigu\\Trybe\\Back-End\\sd-01-block30-jwt-IO\\models\\user.js","statementMap":{"0":{"start":{"line":1,"column":14},"end":{"line":1,"column":32}},"1":{"start":{"line":3,"column":21},"end":{"line":3,"column":61}},"2":{"start":{"line":4,"column":27},"end":{"line":4,"column":47}},"3":{"start":{"line":7,"column":20},"end":{"line":7,"column":48}},"4":{"start":{"line":8,"column":25},"end":{"line":8,"column":89}},"5":{"start":{"line":8,"column":55},"end":{"line":8,"column":88}},"6":{"start":{"line":9,"column":2},"end":{"line":9,"column":35}},"7":{"start":{"line":9,"column":22},"end":{"line":9,"column":35}},"8":{"start":{"line":10,"column":2},"end":{"line":10,"column":40}},"9":{"start":{"line":10,"column":27},"end":{"line":10,"column":40}},"10":{"start":{"line":11,"column":2},"end":{"line":11,"column":40}},"11":{"start":{"line":11,"column":27},"end":{"line":11,"column":40}},"12":{"start":{"line":12,"column":2},"end":{"line":12,"column":49}},"13":{"start":{"line":12,"column":36},"end":{"line":12,"column":49}},"14":{"start":{"line":13,"column":2},"end":{"line":13,"column":56}},"15":{"start":{"line":13,"column":43},"end":{"line":13,"column":56}},"16":{"start":{"line":14,"column":2},"end":{"line":14,"column":14}},"17":{"start":{"line":17,"column":13},"end":{"line":23,"column":1}},"18":{"start":{"line":19,"column":4},"end":{"line":19,"column":37}},"19":{"start":{"line":20,"column":4},"end":{"line":20,"column":37}},"20":{"start":{"line":25,"column":0},"end":{"line":25,"column":22}}},"fnMap":{"0":{"name":"validateUser","decl":{"start":{"line":6,"column":15},"end":{"line":6,"column":27}},"loc":{"start":{"line":6,"column":54},"end":{"line":15,"column":1}},"line":6},"1":{"name":"(anonymous_1)","decl":{"start":{"line":8,"column":40},"end":{"line":8,"column":41}},"loc":{"start":{"line":8,"column":55},"end":{"line":8,"column":88}},"line":8},"2":{"name":"(anonymous_2)","decl":{"start":{"line":18,"column":8},"end":{"line":18,"column":9}},"loc":{"start":{"line":18,"column":22},"end":{"line":21,"column":3}},"line":18}},"branchMap":{"0":{"loc":{"start":{"line":9,"column":2},"end":{"line":9,"column":35}},"type":"if","locations":[{"start":{"line":9,"column":2},"end":{"line":9,"column":35}},{"start":{"line":9,"column":2},"end":{"line":9,"column":35}}],"line":9},"1":{"loc":{"start":{"line":10,"column":2},"end":{"line":10,"column":40}},"type":"if","locations":[{"start":{"line":10,"column":2},"end":{"line":10,"column":40}},{"start":{"line":10,"column":2},"end":{"line":10,"column":40}}],"line":10},"2":{"loc":{"start":{"line":11,"column":2},"end":{"line":11,"column":40}},"type":"if","locations":[{"start":{"line":11,"column":2},"end":{"line":11,"column":40}},{"start":{"line":11,"column":2},"end":{"line":11,"column":40}}],"line":11},"3":{"loc":{"start":{"line":12,"column":2},"end":{"line":12,"column":49}},"type":"if","locations":[{"start":{"line":12,"column":2},"end":{"line":12,"column":49}},{"start":{"line":12,"column":2},"end":{"line":12,"column":49}}],"line":12},"4":{"loc":{"start":{"line":13,"column":2},"end":{"line":13,"column":56}},"type":"if","locations":[{"start":{"line":13,"column":2},"end":{"line":13,"column":56}},{"start":{"line":13,"column":2},"end":{"line":13,"column":56}}],"line":13}},"s":{"0":1,"1":1,"2":1,"3":6,"4":6,"5":6,"6":6,"7":1,"8":5,"9":1,"10":4,"11":1,"12":3,"13":1,"14":2,"15":1,"16":1,"17":1,"18":1,"19":1,"20":1},"f":{"0":6,"1":6,"2":1},"b":{"0":[1,5],"1":[1,4],"2":[1,3],"3":[1,2],"4":[1,1]},"_coverageSchema":"1a1c01bbd47fc00a2c39e90264f33305004495a9","hash":"00404d10830733e5c83c6238acc2be17f3769d28"}
,"C:\\Users\\guigu\\Trybe\\Back-End\\sd-01-block30-jwt-IO\\models\\utils.js": {"path":"C:\\Users\\guigu\\Trybe\\Back-End\\sd-01-block30-jwt-IO\\models\\utils.js","statementMap":{"0":{"start":{"line":1,"column":11},"end":{"line":1,"column":33}},"1":{"start":{"line":2,"column":13},"end":{"line":2,"column":28}},"2":{"start":{"line":5,"column":15},"end":{"line":5,"column":92}},"3":{"start":{"line":6,"column":2},"end":{"line":6,"column":26}},"4":{"start":{"line":10,"column":2},"end":{"line":10,"column":104}},"5":{"start":{"line":14,"column":17},"end":{"line":14,"column":40}},"6":{"start":{"line":15,"column":2},"end":{"line":15,"column":33}},"7":{"start":{"line":16,"column":2},"end":{"line":16,"column":30}},"8":{"start":{"line":19,"column":0},"end":{"line":19,"column":38}}},"fnMap":{"0":{"name":"getData","decl":{"start":{"line":4,"column":15},"end":{"line":4,"column":22}},"loc":{"start":{"line":4,"column":33},"end":{"line":7,"column":1}},"line":4},"1":{"name":"setData","decl":{"start":{"line":9,"column":9},"end":{"line":9,"column":16}},"loc":{"start":{"line":9,"column":33},"end":{"line":11,"column":1}},"line":9},"2":{"name":"addItem","decl":{"start":{"line":13,"column":15},"end":{"line":13,"column":22}},"loc":{"start":{"line":13,"column":39},"end":{"line":17,"column":1}},"line":13}},"branchMap":{},"s":{"0":1,"1":1,"2":1,"3":1,"4":1,"5":1,"6":1,"7":1,"8":1},"f":{"0":1,"1":1,"2":1},"b":{},"_coverageSchema":"1a1c01bbd47fc00a2c39e90264f33305004495a9","hash":"e2d8f71fc0c6af67d58e7a5ad6fa1662be50c40f"}
,"C:\\Users\\guigu\\Trybe\\Back-End\\sd-01-block30-jwt-IO\\tests\\fixtures\\user.js": {"path":"C:\\Users\\guigu\\Trybe\\Back-End\\sd-01-block30-jwt-IO\\tests\\fixtures\\user.js","statementMap":{"0":{"start":{"line":1,"column":33},"end":{"line":5,"column":1}},"1":{"start":{"line":7,"column":24},"end":{"line":11,"column":1}},"2":{"start":{"line":13,"column":41},"end":{"line":17,"column":1}},"3":{"start":{"line":19,"column":24},"end":{"line":23,"column":1}},"4":{"start":{"line":25,"column":20},"end":{"line":29,"column":1}},"5":{"start":{"line":31,"column":18},"end":{"line":35,"column":1}},"6":{"start":{"line":37,"column":0},"end":{"line":44,"column":2}}},"fnMap":{},"branchMap":{},"s":{"0":1,"1":1,"2":1,"3":1,"4":1,"5":1,"6":1},"f":{},"b":{},"_coverageSchema":"1a1c01bbd47fc00a2c39e90264f33305004495a9","hash":"f7a4e1cb48042ce81ef1db76be39b8c237cceb9c"}
}
