TN:
SF:api\routes.js
FNF:0
FNH:0
DA:1,1
LF:1
LH:1
BRF:0
BRH:0
end_of_record
TN:
SF:api\server.js
FN:15,(anonymous_0)
FNF:1
FNH:0
FNDA:0,(anonymous_0)
DA:1,1
DA:2,1
DA:3,1
DA:5,1
DA:7,1
DA:8,1
DA:10,1
DA:11,1
DA:12,1
DA:14,1
DA:15,1
DA:17,1
LF:12
LH:12
BRF:0
BRH:0
end_of_record
TN:
SF:controllers\createUser.js
FN:3,(anonymous_0)
FN:17,(anonymous_1)
FNF:2
FNH:2
FNDA:7,(anonymous_0)
FNDA:1,(anonymous_1)
DA:1,1
DA:3,1
DA:4,7
DA:5,7
DA:11,7
DA:12,1
DA:14,6
DA:15,5
DA:17,1
LF:9
LH:9
BRDA:11,0,0,1
BRDA:11,0,1,6
BRDA:11,1,0,7
BRDA:11,1,1,6
BRDA:11,1,2,6
BRDA:14,2,0,5
BRDA:14,2,1,1
BRF:7
BRH:7
end_of_record
TN:
SF:controllers\login.js
FN:3,(anonymous_0)
FNF:1
FNH:0
FNDA:0,(anonymous_0)
DA:1,1
DA:3,1
DA:4,0
DA:5,0
DA:7,0
DA:9,0
DA:11,0
DA:13,0
LF:8
LH:2
BRDA:7,0,0,0
BRDA:7,0,1,0
BRDA:7,1,0,0
BRDA:7,1,1,0
BRDA:11,2,0,0
BRDA:11,2,1,0
BRF:6
BRH:0
end_of_record
TN:
SF:models\user.js
FN:6,validateUser
FN:8,(anonymous_1)
FN:18,(anonymous_2)
FNF:3
FNH:3
FNDA:6,validateUser
FNDA:6,(anonymous_1)
FNDA:1,(anonymous_2)
DA:1,1
DA:3,1
DA:4,1
DA:7,6
DA:8,6
DA:9,6
DA:10,5
DA:11,4
DA:12,3
DA:13,2
DA:14,1
DA:17,1
DA:19,1
DA:20,1
DA:25,1
LF:15
LH:15
BRDA:9,0,0,1
BRDA:9,0,1,5
BRDA:10,1,0,1
BRDA:10,1,1,4
BRDA:11,2,0,1
BRDA:11,2,1,3
BRDA:12,3,0,1
BRDA:12,3,1,2
BRDA:13,4,0,1
BRDA:13,4,1,1
BRF:10
BRH:10
end_of_record
TN:
SF:models\utils.js
FN:4,getData
FN:9,setData
FN:13,addItem
FNF:3
FNH:3
FNDA:1,getData
FNDA:1,setData
FNDA:1,addItem
DA:1,1
DA:2,1
DA:5,1
DA:6,1
DA:10,1
DA:14,1
DA:15,1
DA:16,1
DA:19,1
LF:9
LH:9
BRF:0
BRH:0
end_of_record
TN:
SF:tests\fixtures\user.js
FNF:0
FNH:0
DA:1,1
DA:7,1
DA:13,1
DA:19,1
DA:25,1
DA:31,1
DA:37,1
LF:7
LH:7
BRF:0
BRH:0
end_of_record
